<?xml version="1.0" encoding="UTF-8"?>
<!-- Generated by org.testng.reporters.JUnitReportReporter -->
<testsuite hostname="Yaantras-MacBook-Air-3.local" name="testing.otp.testCases.NewOTPTest" tests="2" failures="0" timestamp="1 Jul 2019 10:56:17 GMT" time="87.155" errors="0">
  <testcase name="enterPhoneNumber" time="48.157" classname="testing.otp.testCases.NewOTPTest"/>
  <testcase name="enterOTPReceived" time="38.998" classname="testing.otp.testCases.NewOTPTest"/>
</testsuite> <!-- testing.otp.testCases.NewOTPTest -->
